2025-10-02 10:44:28,056 - multi_task_logger - INFO - 使用设备: cuda
2025-10-02 10:44:28,056 - multi_task_logger - INFO - 训练文件: E:\pythonCode\SCCD\datas\SCCD\train.csv
2025-10-02 10:44:28,056 - multi_task_logger - INFO - 测试文件: E:\pythonCode\SCCD\datas\SCCD\test.csv
2025-10-02 10:44:29,675 - multi_task_logger - INFO - 
正在准备数据集...
2025-10-02 10:44:29,764 - multi_task_logger - INFO - 数据集准备完成。
2025-10-02 10:44:30,087 - multi_task_logger - INFO - --- Epoch 1/3 ---
2025-10-02 10:49:47,462 - multi_task_logger - INFO - Epoch 1 | 平均训练损失: 1.6402
2025-10-02 10:50:26,891 - multi_task_logger - INFO - 
--- 评估结果 ---
2025-10-02 10:50:26,900 - multi_task_logger - INFO - 任务: label
              precision    recall  f1-score   support

      Non-CB       0.91      0.87      0.89      8748
          CB       0.65      0.75      0.70      2941

    accuracy                           0.84     11689
   macro avg       0.78      0.81      0.79     11689
weighted avg       0.85      0.84      0.84     11689

2025-10-02 10:50:26,905 - multi_task_logger - INFO - 任务: expression
              precision    recall  f1-score   support

    Explicit       0.88      1.00      0.94      2592
    Implicit       0.56      0.03      0.05       349

    accuracy                           0.88      2941
   macro avg       0.72      0.51      0.49      2941
weighted avg       0.85      0.88      0.83      2941

2025-10-02 10:50:26,909 - multi_task_logger - INFO - 任务: sarcasm
              precision    recall  f1-score   support

          No       0.86      1.00      0.92      2528
         Yes       0.00      0.00      0.00       413

    accuracy                           0.86      2941
   macro avg       0.43      0.50      0.46      2941
weighted avg       0.74      0.86      0.79      2941

2025-10-02 10:50:26,916 - multi_task_logger - INFO - 任务: target
              precision    recall  f1-score   support

  Individual       0.80      0.79      0.79      1746
       Group       0.70      0.71      0.70      1195

    accuracy                           0.76      2941
   macro avg       0.75      0.75      0.75      2941
weighted avg       0.76      0.76      0.76      2941

2025-10-02 10:50:26,916 - multi_task_logger - INFO - ---------------------

2025-10-02 10:50:26,917 - multi_task_logger - INFO - --- Epoch 2/3 ---
2025-10-02 10:56:05,373 - multi_task_logger - INFO - Epoch 2 | 平均训练损失: 1.2492
2025-10-02 10:56:44,696 - multi_task_logger - INFO - 
--- 评估结果 ---
2025-10-02 10:56:44,701 - multi_task_logger - INFO - 任务: label
              precision    recall  f1-score   support

      Non-CB       0.89      0.92      0.91      8748
          CB       0.74      0.65      0.70      2941

    accuracy                           0.86     11689
   macro avg       0.81      0.79      0.80     11689
weighted avg       0.85      0.86      0.85     11689

2025-10-02 10:56:44,706 - multi_task_logger - INFO - 任务: expression
              precision    recall  f1-score   support

    Explicit       0.90      0.97      0.93      2592
    Implicit       0.47      0.23      0.31       349

    accuracy                           0.88      2941
   macro avg       0.69      0.60      0.62      2941
weighted avg       0.85      0.88      0.86      2941

2025-10-02 10:56:44,710 - multi_task_logger - INFO - 任务: sarcasm
              precision    recall  f1-score   support

          No       0.88      0.98      0.93      2528
         Yes       0.57      0.18      0.27       413

    accuracy                           0.87      2941
   macro avg       0.72      0.58      0.60      2941
weighted avg       0.84      0.87      0.83      2941

2025-10-02 10:56:44,713 - multi_task_logger - INFO - 任务: target
              precision    recall  f1-score   support

  Individual       0.80      0.79      0.80      1746
       Group       0.70      0.71      0.71      1195

    accuracy                           0.76      2941
   macro avg       0.75      0.75      0.75      2941
weighted avg       0.76      0.76      0.76      2941

2025-10-02 10:56:44,714 - multi_task_logger - INFO - ---------------------

2025-10-02 10:56:44,714 - multi_task_logger - INFO - --- Epoch 3/3 ---
2025-10-02 11:02:19,740 - multi_task_logger - INFO - Epoch 3 | 平均训练损失: 0.8880
2025-10-02 11:02:58,360 - multi_task_logger - INFO - 
--- 评估结果 ---
2025-10-02 11:02:58,366 - multi_task_logger - INFO - 任务: label
              precision    recall  f1-score   support

      Non-CB       0.89      0.92      0.91      8748
          CB       0.74      0.65      0.69      2941

    accuracy                           0.86     11689
   macro avg       0.81      0.79      0.80     11689
weighted avg       0.85      0.86      0.85     11689

2025-10-02 11:02:58,371 - multi_task_logger - INFO - 任务: expression
              precision    recall  f1-score   support

    Explicit       0.91      0.91      0.91      2592
    Implicit       0.35      0.34      0.34       349

    accuracy                           0.84      2941
   macro avg       0.63      0.63      0.63      2941
weighted avg       0.84      0.84      0.84      2941

2025-10-02 11:02:58,375 - multi_task_logger - INFO - 任务: sarcasm
              precision    recall  f1-score   support

          No       0.89      0.96      0.92      2528
         Yes       0.50      0.27      0.35       413

    accuracy                           0.86      2941
   macro avg       0.69      0.61      0.63      2941
weighted avg       0.83      0.86      0.84      2941

2025-10-02 11:02:58,380 - multi_task_logger - INFO - 任务: target
              precision    recall  f1-score   support

  Individual       0.80      0.78      0.79      1746
       Group       0.69      0.72      0.71      1195

    accuracy                           0.76      2941
   macro avg       0.75      0.75      0.75      2941
weighted avg       0.76      0.76      0.76      2941

2025-10-02 11:02:58,380 - multi_task_logger - INFO - ---------------------

