2025-10-02 14:46:28,016 - multi_task_logger - INFO - 使用设备: cuda
2025-10-02 14:46:28,016 - multi_task_logger - INFO - 训练文件: E:\pythonCode\SCCD\datas\SCCD\train.csv
2025-10-02 14:46:28,016 - multi_task_logger - INFO - 测试文件: E:\pythonCode\SCCD\datas\SCCD\test.csv
2025-10-02 14:46:29,748 - multi_task_logger - INFO - 
正在准备数据集...
2025-10-02 14:46:29,844 - multi_task_logger - INFO - 数据集准备完成。
2025-10-02 14:46:30,188 - multi_task_logger - INFO - --- Epoch 1/3 ---
2025-10-02 14:52:21,746 - multi_task_logger - INFO - Epoch 1 | 平均训练损失: 1.6240
2025-10-02 14:53:06,059 - multi_task_logger - INFO - 
--- 评估结果 ---
2025-10-02 14:53:06,072 - multi_task_logger - INFO - 任务: label
              precision    recall  f1-score   support

      Non-CB       0.88      0.91      0.90      8748
          CB       0.72      0.64      0.68      2941

    accuracy                           0.85     11689
   macro avg       0.80      0.78      0.79     11689
weighted avg       0.84      0.85      0.84     11689

2025-10-02 14:53:06,111 - multi_task_logger - INFO - 任务: expression
              precision    recall  f1-score   support

    Explicit       0.88      1.00      0.94      2592
    Implicit       0.69      0.03      0.05       349

    accuracy                           0.88      2941
   macro avg       0.79      0.51      0.49      2941
weighted avg       0.86      0.88      0.83      2941

2025-10-02 14:53:06,119 - multi_task_logger - INFO - 任务: sarcasm
              precision    recall  f1-score   support

          No       0.86      1.00      0.92      2528
         Yes       0.50      0.00      0.00       413

    accuracy                           0.86      2941
   macro avg       0.68      0.50      0.46      2941
weighted avg       0.81      0.86      0.80      2941

2025-10-02 14:53:06,127 - multi_task_logger - INFO - 任务: target
              precision    recall  f1-score   support

  Individual       0.81      0.77      0.79      1746
       Group       0.69      0.73      0.71      1195

    accuracy                           0.75      2941
   macro avg       0.75      0.75      0.75      2941
weighted avg       0.76      0.75      0.76      2941

2025-10-02 14:53:06,127 - multi_task_logger - INFO - ---------------------

2025-10-02 14:53:06,129 - multi_task_logger - INFO - --- Epoch 2/3 ---
2025-10-02 14:59:27,776 - multi_task_logger - INFO - Epoch 2 | 平均训练损失: 1.2541
2025-10-02 15:00:13,696 - multi_task_logger - INFO - 
--- 评估结果 ---
2025-10-02 15:00:13,706 - multi_task_logger - INFO - 任务: label
              precision    recall  f1-score   support

      Non-CB       0.88      0.94      0.91      8748
          CB       0.76      0.61      0.68      2941

    accuracy                           0.85     11689
   macro avg       0.82      0.77      0.79     11689
weighted avg       0.85      0.85      0.85     11689

2025-10-02 15:00:13,715 - multi_task_logger - INFO - 任务: expression
              precision    recall  f1-score   support

    Explicit       0.91      0.94      0.92      2592
    Implicit       0.38      0.27      0.31       349

    accuracy                           0.86      2941
   macro avg       0.64      0.60      0.62      2941
weighted avg       0.84      0.86      0.85      2941

2025-10-02 15:00:13,723 - multi_task_logger - INFO - 任务: sarcasm
              precision    recall  f1-score   support

          No       0.89      0.95      0.92      2528
         Yes       0.44      0.24      0.32       413

    accuracy                           0.85      2941
   macro avg       0.66      0.60      0.62      2941
weighted avg       0.82      0.85      0.83      2941

2025-10-02 15:00:13,730 - multi_task_logger - INFO - 任务: target
              precision    recall  f1-score   support

  Individual       0.80      0.78      0.79      1746
       Group       0.69      0.71      0.70      1195

    accuracy                           0.75      2941
   macro avg       0.75      0.75      0.75      2941
weighted avg       0.76      0.75      0.76      2941

2025-10-02 15:00:13,730 - multi_task_logger - INFO - ---------------------

2025-10-02 15:00:13,732 - multi_task_logger - INFO - --- Epoch 3/3 ---
2025-10-02 15:06:39,439 - multi_task_logger - INFO - Epoch 3 | 平均训练损失: 0.8939
2025-10-02 15:07:25,503 - multi_task_logger - INFO - 
--- 评估结果 ---
2025-10-02 15:07:25,513 - multi_task_logger - INFO - 任务: label
              precision    recall  f1-score   support

      Non-CB       0.89      0.93      0.91      8748
          CB       0.75      0.64      0.69      2941

    accuracy                           0.86     11689
   macro avg       0.82      0.79      0.80     11689
weighted avg       0.85      0.86      0.85     11689

2025-10-02 15:07:25,520 - multi_task_logger - INFO - 任务: expression
              precision    recall  f1-score   support

    Explicit       0.92      0.91      0.91      2592
    Implicit       0.36      0.37      0.36       349

    accuracy                           0.85      2941
   macro avg       0.64      0.64      0.64      2941
weighted avg       0.85      0.85      0.85      2941

2025-10-02 15:07:25,526 - multi_task_logger - INFO - 任务: sarcasm
              precision    recall  f1-score   support

          No       0.88      0.96      0.92      2528
         Yes       0.46      0.23      0.31       413

    accuracy                           0.85      2941
   macro avg       0.67      0.59      0.61      2941
weighted avg       0.82      0.85      0.83      2941

2025-10-02 15:07:25,537 - multi_task_logger - INFO - 任务: target
              precision    recall  f1-score   support

  Individual       0.79      0.79      0.79      1746
       Group       0.70      0.70      0.70      1195

    accuracy                           0.75      2941
   macro avg       0.74      0.74      0.74      2941
weighted avg       0.75      0.75      0.75      2941

2025-10-02 15:07:25,538 - multi_task_logger - INFO - ---------------------

