2025-10-08 16:27:06,304 - improved_mtl_logger - INFO - 使用设备: cuda
2025-10-08 16:27:06,304 - improved_mtl_logger - INFO - 激活的任务: ['label', 'expression', 'target']
2025-10-08 16:27:06,304 - improved_mtl_logger - INFO - 任务权重: {'label': 1.0, 'expression': 0.5, 'target': 0.5}
2025-10-08 16:27:07,830 - improved_mtl_logger - INFO - 
正在准备数据集...
2025-10-08 16:27:07,938 - improved_mtl_logger - INFO - 数据集准备完成。
2025-10-08 16:27:08,590 - improved_mtl_logger - INFO - --- Epoch 1/3 ---
2025-10-08 16:32:44,275 - improved_mtl_logger - INFO - Epoch 1 | 平均加权训练损失: 0.8060
2025-10-08 16:33:22,847 - improved_mtl_logger - INFO - 
--- 评估结果 ---
2025-10-08 16:33:22,868 - improved_mtl_logger - INFO - 任务: label
              precision    recall  f1-score   support

      Non-CB       0.91      0.89      0.90      8748
          CB       0.69      0.74      0.71      2941

    accuracy                           0.85     11689
   macro avg       0.80      0.81      0.81     11689
weighted avg       0.85      0.85      0.85     11689

2025-10-08 16:33:22,876 - improved_mtl_logger - INFO - 任务: expression
              precision    recall  f1-score   support

    Explicit       0.88      1.00      0.94      2592
    Implicit       0.67      0.01      0.01       349

    accuracy                           0.88      2941
   macro avg       0.77      0.50      0.47      2941
weighted avg       0.86      0.88      0.83      2941

2025-10-08 16:33:22,884 - improved_mtl_logger - INFO - 任务: target
              precision    recall  f1-score   support

  Individual       0.80      0.81      0.80      1746
       Group       0.71      0.71      0.71      1195

    accuracy                           0.77      2941
   macro avg       0.76      0.76      0.76      2941
weighted avg       0.76      0.77      0.77      2941

2025-10-08 16:33:22,884 - improved_mtl_logger - INFO - ---------------------

2025-10-08 16:33:22,885 - improved_mtl_logger - INFO - --- Epoch 2/3 ---
2025-10-08 16:38:53,591 - improved_mtl_logger - INFO - Epoch 2 | 平均加权训练损失: 0.5901
2025-10-08 16:39:32,311 - improved_mtl_logger - INFO - 
--- 评估结果 ---
2025-10-08 16:39:32,324 - improved_mtl_logger - INFO - 任务: label
              precision    recall  f1-score   support

      Non-CB       0.89      0.93      0.91      8748
          CB       0.77      0.66      0.71      2941

    accuracy                           0.86     11689
   macro avg       0.83      0.80      0.81     11689
weighted avg       0.86      0.86      0.86     11689

2025-10-08 16:39:32,332 - improved_mtl_logger - INFO - 任务: expression
              precision    recall  f1-score   support

    Explicit       0.91      0.91      0.91      2592
    Implicit       0.36      0.37      0.36       349

    accuracy                           0.85      2941
   macro avg       0.64      0.64      0.64      2941
weighted avg       0.85      0.85      0.85      2941

2025-10-08 16:39:32,340 - improved_mtl_logger - INFO - 任务: target
              precision    recall  f1-score   support

  Individual       0.79      0.81      0.80      1746
       Group       0.71      0.69      0.70      1195

    accuracy                           0.76      2941
   macro avg       0.75      0.75      0.75      2941
weighted avg       0.76      0.76      0.76      2941

2025-10-08 16:39:32,340 - improved_mtl_logger - INFO - ---------------------

2025-10-08 16:39:32,341 - improved_mtl_logger - INFO - --- Epoch 3/3 ---
2025-10-08 16:45:13,965 - improved_mtl_logger - INFO - Epoch 3 | 平均加权训练损失: 0.4061
2025-10-08 16:45:53,160 - improved_mtl_logger - INFO - 
--- 评估结果 ---
2025-10-08 16:45:53,172 - improved_mtl_logger - INFO - 任务: label
              precision    recall  f1-score   support

      Non-CB       0.89      0.93      0.91      8748
          CB       0.76      0.67      0.71      2941

    accuracy                           0.86     11689
   macro avg       0.83      0.80      0.81     11689
weighted avg       0.86      0.86      0.86     11689

2025-10-08 16:45:53,176 - improved_mtl_logger - INFO - 任务: expression
              precision    recall  f1-score   support

    Explicit       0.93      0.85      0.89      2592
    Implicit       0.33      0.55      0.41       349

    accuracy                           0.82      2941
   macro avg       0.63      0.70      0.65      2941
weighted avg       0.86      0.82      0.83      2941

2025-10-08 16:45:53,184 - improved_mtl_logger - INFO - 任务: target
              precision    recall  f1-score   support

  Individual       0.80      0.80      0.80      1746
       Group       0.70      0.70      0.70      1195

    accuracy                           0.76      2941
   macro avg       0.75      0.75      0.75      2941
weighted avg       0.76      0.76      0.76      2941

2025-10-08 16:45:53,184 - improved_mtl_logger - INFO - ---------------------

