2025-10-08 11:09:40,941 - improved_mtl_logger - INFO - 使用设备: cuda
2025-10-08 11:09:40,941 - improved_mtl_logger - INFO - 激活的任务: ['label', 'expression', 'target']
2025-10-08 11:09:40,941 - improved_mtl_logger - INFO - 任务权重: {'label': 1.0, 'expression': 0.2, 'target': 0.2}
2025-10-08 11:09:43,691 - improved_mtl_logger - INFO - 
正在准备数据集...
2025-10-08 11:09:43,784 - improved_mtl_logger - INFO - 数据集准备完成。
2025-10-08 11:09:44,126 - improved_mtl_logger - INFO - --- Epoch 1/3 ---
2025-10-08 11:15:01,649 - improved_mtl_logger - INFO - Epoch 1 | 平均加权训练损失: 0.5466
2025-10-08 11:15:38,076 - improved_mtl_logger - INFO - 
--- 评估结果 ---
2025-10-08 11:15:38,112 - improved_mtl_logger - INFO - 任务: label
              precision    recall  f1-score   support

      Non-CB       0.90      0.90      0.90      8748
          CB       0.70      0.71      0.71      2941

    accuracy                           0.85     11689
   macro avg       0.80      0.80      0.80     11689
weighted avg       0.85      0.85      0.85     11689

2025-10-08 11:15:38,116 - improved_mtl_logger - INFO - 任务: expression
              precision    recall  f1-score   support

    Explicit       0.88      1.00      0.94      2592
    Implicit       0.67      0.01      0.01       349

    accuracy                           0.88      2941
   macro avg       0.77      0.50      0.47      2941
weighted avg       0.86      0.88      0.83      2941

2025-10-08 11:15:38,119 - improved_mtl_logger - INFO - 任务: target
              precision    recall  f1-score   support

  Individual       0.80      0.73      0.77      1746
       Group       0.65      0.74      0.69      1195

    accuracy                           0.73      2941
   macro avg       0.73      0.74      0.73      2941
weighted avg       0.74      0.73      0.74      2941

2025-10-08 11:15:38,120 - improved_mtl_logger - INFO - ---------------------

2025-10-08 11:15:38,120 - improved_mtl_logger - INFO - --- Epoch 2/3 ---
2025-10-08 11:20:57,282 - improved_mtl_logger - INFO - Epoch 2 | 平均加权训练损失: 0.3833
2025-10-08 11:21:34,428 - improved_mtl_logger - INFO - 
--- 评估结果 ---
2025-10-08 11:21:34,434 - improved_mtl_logger - INFO - 任务: label
              precision    recall  f1-score   support

      Non-CB       0.90      0.92      0.91      8748
          CB       0.74      0.69      0.72      2941

    accuracy                           0.86     11689
   macro avg       0.82      0.80      0.81     11689
weighted avg       0.86      0.86      0.86     11689

2025-10-08 11:21:34,438 - improved_mtl_logger - INFO - 任务: expression
              precision    recall  f1-score   support

    Explicit       0.90      0.96      0.93      2592
    Implicit       0.42      0.21      0.29       349

    accuracy                           0.87      2941
   macro avg       0.66      0.59      0.61      2941
weighted avg       0.84      0.87      0.85      2941

2025-10-08 11:21:34,443 - improved_mtl_logger - INFO - 任务: target
              precision    recall  f1-score   support

  Individual       0.79      0.82      0.80      1746
       Group       0.72      0.67      0.69      1195

    accuracy                           0.76      2941
   macro avg       0.75      0.75      0.75      2941
weighted avg       0.76      0.76      0.76      2941

2025-10-08 11:21:34,443 - improved_mtl_logger - INFO - ---------------------

2025-10-08 11:21:34,443 - improved_mtl_logger - INFO - --- Epoch 3/3 ---
2025-10-08 11:26:54,425 - improved_mtl_logger - INFO - Epoch 3 | 平均加权训练损失: 0.2579
2025-10-08 11:27:31,898 - improved_mtl_logger - INFO - 
--- 评估结果 ---
2025-10-08 11:27:31,904 - improved_mtl_logger - INFO - 任务: label
              precision    recall  f1-score   support

      Non-CB       0.89      0.93      0.91      8748
          CB       0.77      0.66      0.71      2941

    accuracy                           0.86     11689
   macro avg       0.83      0.80      0.81     11689
weighted avg       0.86      0.86      0.86     11689

2025-10-08 11:27:31,909 - improved_mtl_logger - INFO - 任务: expression
              precision    recall  f1-score   support

    Explicit       0.93      0.84      0.88      2592
    Implicit       0.30      0.52      0.38       349

    accuracy                           0.80      2941
   macro avg       0.61      0.68      0.63      2941
weighted avg       0.85      0.80      0.82      2941

2025-10-08 11:27:31,915 - improved_mtl_logger - INFO - 任务: target
              precision    recall  f1-score   support

  Individual       0.80      0.79      0.79      1746
       Group       0.70      0.70      0.70      1195

    accuracy                           0.76      2941
   macro avg       0.75      0.75      0.75      2941
weighted avg       0.76      0.76      0.76      2941

2025-10-08 11:27:31,915 - improved_mtl_logger - INFO - ---------------------

