2025-10-04 20:10:22,377 - improved_mtl_logger - INFO - 使用设备: cuda
2025-10-04 20:10:22,377 - improved_mtl_logger - INFO - 激活的任务: ['label', 'expression', 'target']
2025-10-04 20:10:22,377 - improved_mtl_logger - INFO - 任务权重: {'label': 1.0, 'expression': 0.5, 'target': 0.5}
2025-10-04 20:10:23,848 - improved_mtl_logger - INFO - 
正在准备数据集...
2025-10-04 20:10:23,938 - improved_mtl_logger - INFO - 数据集准备完成。
2025-10-04 20:10:24,271 - improved_mtl_logger - INFO - --- Epoch 1/3 ---
2025-10-04 20:17:05,103 - improved_mtl_logger - INFO - Epoch 1 | 平均加权训练损失: 0.8117
2025-10-04 20:17:52,019 - improved_mtl_logger - INFO - 
--- 评估结果 ---
2025-10-04 20:17:52,061 - improved_mtl_logger - INFO - 任务: label
              precision    recall  f1-score   support

      Non-CB       0.88      0.93      0.91      8748
          CB       0.76      0.62      0.68      2941

    accuracy                           0.86     11689
   macro avg       0.82      0.78      0.80     11689
weighted avg       0.85      0.86      0.85     11689

2025-10-04 20:17:52,068 - improved_mtl_logger - INFO - 任务: expression
              precision    recall  f1-score   support

    Explicit       0.90      0.97      0.93      2592
    Implicit       0.49      0.18      0.26       349

    accuracy                           0.88      2941
   macro avg       0.69      0.58      0.60      2941
weighted avg       0.85      0.88      0.86      2941

2025-10-04 20:17:52,074 - improved_mtl_logger - INFO - 任务: target
              precision    recall  f1-score   support

  Individual       0.82      0.73      0.77      1746
       Group       0.66      0.77      0.71      1195

    accuracy                           0.74      2941
   macro avg       0.74      0.75      0.74      2941
weighted avg       0.75      0.74      0.74      2941

2025-10-04 20:17:52,074 - improved_mtl_logger - INFO - ---------------------

2025-10-04 20:17:52,076 - improved_mtl_logger - INFO - --- Epoch 2/3 ---
2025-10-04 20:24:30,851 - improved_mtl_logger - INFO - Epoch 2 | 平均加权训练损失: 0.6061
2025-10-04 20:25:17,941 - improved_mtl_logger - INFO - 
--- 评估结果 ---
2025-10-04 20:25:17,955 - improved_mtl_logger - INFO - 任务: label
              precision    recall  f1-score   support

      Non-CB       0.89      0.93      0.91      8748
          CB       0.75      0.65      0.70      2941

    accuracy                           0.86     11689
   macro avg       0.82      0.79      0.80     11689
weighted avg       0.85      0.86      0.86     11689

2025-10-04 20:25:17,961 - improved_mtl_logger - INFO - 任务: expression
              precision    recall  f1-score   support

    Explicit       0.92      0.90      0.91      2592
    Implicit       0.36      0.41      0.38       349

    accuracy                           0.84      2941
   macro avg       0.64      0.66      0.65      2941
weighted avg       0.85      0.84      0.85      2941

2025-10-04 20:25:17,968 - improved_mtl_logger - INFO - 任务: target
              precision    recall  f1-score   support

  Individual       0.82      0.76      0.79      1746
       Group       0.68      0.75      0.72      1195

    accuracy                           0.76      2941
   macro avg       0.75      0.76      0.75      2941
weighted avg       0.76      0.76      0.76      2941

2025-10-04 20:25:17,968 - improved_mtl_logger - INFO - ---------------------

2025-10-04 20:25:17,968 - improved_mtl_logger - INFO - --- Epoch 3/3 ---
2025-10-04 20:32:01,416 - improved_mtl_logger - INFO - Epoch 3 | 平均加权训练损失: 0.4195
2025-10-04 20:32:48,597 - improved_mtl_logger - INFO - 
--- 评估结果 ---
2025-10-04 20:32:48,609 - improved_mtl_logger - INFO - 任务: label
              precision    recall  f1-score   support

      Non-CB       0.89      0.93      0.91      8748
          CB       0.76      0.66      0.71      2941

    accuracy                           0.86     11689
   macro avg       0.83      0.80      0.81     11689
weighted avg       0.86      0.86      0.86     11689

2025-10-04 20:32:48,617 - improved_mtl_logger - INFO - 任务: expression
              precision    recall  f1-score   support

    Explicit       0.93      0.83      0.88      2592
    Implicit       0.31      0.56      0.40       349

    accuracy                           0.80      2941
   macro avg       0.62      0.70      0.64      2941
weighted avg       0.86      0.80      0.82      2941

2025-10-04 20:32:48,626 - improved_mtl_logger - INFO - 任务: target
              precision    recall  f1-score   support

  Individual       0.80      0.78      0.79      1746
       Group       0.70      0.72      0.71      1195

    accuracy                           0.76      2941
   macro avg       0.75      0.75      0.75      2941
weighted avg       0.76      0.76      0.76      2941

2025-10-04 20:32:48,627 - improved_mtl_logger - INFO - ---------------------

