2025-10-04 18:31:30,494 - improved_mtl_logger - INFO - 使用设备: cuda
2025-10-04 18:31:30,495 - improved_mtl_logger - INFO - 激活的任务: ['label', 'expression', 'target']
2025-10-04 18:31:30,495 - improved_mtl_logger - INFO - 任务权重: {'label': 1.0, 'expression': 0.5, 'target': 0.5}
2025-10-04 18:31:32,052 - improved_mtl_logger - INFO - 
正在准备数据集...
2025-10-04 18:31:32,162 - improved_mtl_logger - INFO - 数据集准备完成。
2025-10-04 18:31:32,801 - improved_mtl_logger - INFO - --- Epoch 1/3 ---
2025-10-04 18:36:47,090 - improved_mtl_logger - INFO - Epoch 1 | 平均加权训练损失: 0.8096
2025-10-04 18:37:24,491 - improved_mtl_logger - INFO - 
--- 评估结果 ---
2025-10-04 18:37:24,528 - improved_mtl_logger - INFO - 任务: label
              precision    recall  f1-score   support

      Non-CB       0.90      0.91      0.90      8748
          CB       0.72      0.69      0.70      2941

    accuracy                           0.85     11689
   macro avg       0.81      0.80      0.80     11689
weighted avg       0.85      0.85      0.85     11689

2025-10-04 18:37:24,532 - improved_mtl_logger - INFO - 任务: expression
              precision    recall  f1-score   support

    Explicit       0.88      1.00      0.94      2592
    Implicit       0.55      0.03      0.06       349

    accuracy                           0.88      2941
   macro avg       0.72      0.51      0.50      2941
weighted avg       0.84      0.88      0.83      2941

2025-10-04 18:37:24,536 - improved_mtl_logger - INFO - 任务: target
              precision    recall  f1-score   support

  Individual       0.80      0.78      0.79      1746
       Group       0.69      0.71      0.70      1195

    accuracy                           0.75      2941
   macro avg       0.74      0.75      0.74      2941
weighted avg       0.75      0.75      0.75      2941

2025-10-04 18:37:24,536 - improved_mtl_logger - INFO - ---------------------

2025-10-04 18:37:24,536 - improved_mtl_logger - INFO - --- Epoch 2/3 ---
2025-10-04 18:43:01,742 - improved_mtl_logger - INFO - Epoch 2 | 平均加权训练损失: 0.5881
2025-10-04 18:43:46,644 - improved_mtl_logger - INFO - 
--- 评估结果 ---
2025-10-04 18:43:46,652 - improved_mtl_logger - INFO - 任务: label
              precision    recall  f1-score   support

      Non-CB       0.88      0.94      0.91      8748
          CB       0.78      0.62      0.69      2941

    accuracy                           0.86     11689
   macro avg       0.83      0.78      0.80     11689
weighted avg       0.85      0.86      0.85     11689

2025-10-04 18:43:46,658 - improved_mtl_logger - INFO - 任务: expression
              precision    recall  f1-score   support

    Explicit       0.92      0.90      0.91      2592
    Implicit       0.35      0.39      0.37       349

    accuracy                           0.84      2941
   macro avg       0.64      0.65      0.64      2941
weighted avg       0.85      0.84      0.85      2941

2025-10-04 18:43:46,669 - improved_mtl_logger - INFO - 任务: target
              precision    recall  f1-score   support

  Individual       0.80      0.79      0.80      1746
       Group       0.70      0.71      0.70      1195

    accuracy                           0.76      2941
   macro avg       0.75      0.75      0.75      2941
weighted avg       0.76      0.76      0.76      2941

2025-10-04 18:43:46,669 - improved_mtl_logger - INFO - ---------------------

2025-10-04 18:43:46,670 - improved_mtl_logger - INFO - --- Epoch 3/3 ---
2025-10-04 18:50:14,504 - improved_mtl_logger - INFO - Epoch 3 | 平均加权训练损失: 0.4005
2025-10-04 18:51:00,072 - improved_mtl_logger - INFO - 
--- 评估结果 ---
2025-10-04 18:51:00,083 - improved_mtl_logger - INFO - 任务: label
              precision    recall  f1-score   support

      Non-CB       0.89      0.93      0.91      8748
          CB       0.76      0.65      0.70      2941

    accuracy                           0.86     11689
   macro avg       0.82      0.79      0.81     11689
weighted avg       0.86      0.86      0.86     11689

2025-10-04 18:51:00,093 - improved_mtl_logger - INFO - 任务: expression
              precision    recall  f1-score   support

    Explicit       0.93      0.85      0.89      2592
    Implicit       0.31      0.50      0.38       349

    accuracy                           0.81      2941
   macro avg       0.62      0.67      0.63      2941
weighted avg       0.85      0.81      0.83      2941

2025-10-04 18:51:00,101 - improved_mtl_logger - INFO - 任务: target
              precision    recall  f1-score   support

  Individual       0.80      0.79      0.79      1746
       Group       0.69      0.71      0.70      1195

    accuracy                           0.75      2941
   macro avg       0.75      0.75      0.75      2941
weighted avg       0.76      0.75      0.75      2941

2025-10-04 18:51:00,102 - improved_mtl_logger - INFO - ---------------------

