2025-10-07 20:16:40,307 - improved_mtl_logger - INFO - 使用设备: cuda
2025-10-07 20:16:40,308 - improved_mtl_logger - INFO - 激活的任务: ['label', 'expression', 'target']
2025-10-07 20:16:40,308 - improved_mtl_logger - INFO - 任务权重: {'label': 1.0, 'expression': 0.2, 'target': 0.2}
2025-10-07 20:16:42,010 - improved_mtl_logger - INFO - 
正在准备数据集...
2025-10-07 20:16:42,109 - improved_mtl_logger - INFO - 数据集准备完成。
2025-10-07 20:16:42,466 - improved_mtl_logger - INFO - --- Epoch 1/3 ---
2025-10-07 20:22:05,934 - improved_mtl_logger - INFO - Epoch 1 | 平均加权训练损失: 0.5415
2025-10-07 20:22:42,870 - improved_mtl_logger - INFO - 
--- 评估结果 ---
2025-10-07 20:22:42,880 - improved_mtl_logger - INFO - 任务: label
              precision    recall  f1-score   support

      Non-CB       0.88      0.93      0.90      8748
          CB       0.75      0.63      0.68      2941

    accuracy                           0.85     11689
   macro avg       0.81      0.78      0.79     11689
weighted avg       0.85      0.85      0.85     11689

2025-10-07 20:22:42,884 - improved_mtl_logger - INFO - 任务: expression
              precision    recall  f1-score   support

    Explicit       0.88      1.00      0.94      2592
    Implicit       0.83      0.01      0.03       349

    accuracy                           0.88      2941
   macro avg       0.86      0.51      0.48      2941
weighted avg       0.88      0.88      0.83      2941

2025-10-07 20:22:42,888 - improved_mtl_logger - INFO - 任务: target
              precision    recall  f1-score   support

  Individual       0.83      0.72      0.77      1746
       Group       0.66      0.78      0.71      1195

    accuracy                           0.75      2941
   macro avg       0.74      0.75      0.74      2941
weighted avg       0.76      0.75      0.75      2941

2025-10-07 20:22:42,888 - improved_mtl_logger - INFO - ---------------------

2025-10-07 20:22:42,888 - improved_mtl_logger - INFO - --- Epoch 2/3 ---
2025-10-07 20:28:06,873 - improved_mtl_logger - INFO - Epoch 2 | 平均加权训练损失: 0.3832
2025-10-07 20:28:44,223 - improved_mtl_logger - INFO - 
--- 评估结果 ---
2025-10-07 20:28:44,230 - improved_mtl_logger - INFO - 任务: label
              precision    recall  f1-score   support

      Non-CB       0.89      0.93      0.91      8748
          CB       0.75      0.67      0.71      2941

    accuracy                           0.86     11689
   macro avg       0.82      0.80      0.81     11689
weighted avg       0.86      0.86      0.86     11689

2025-10-07 20:28:44,234 - improved_mtl_logger - INFO - 任务: expression
              precision    recall  f1-score   support

    Explicit       0.89      0.98      0.93      2592
    Implicit       0.43      0.11      0.17       349

    accuracy                           0.88      2941
   macro avg       0.66      0.54      0.55      2941
weighted avg       0.84      0.88      0.84      2941

2025-10-07 20:28:44,237 - improved_mtl_logger - INFO - 任务: target
              precision    recall  f1-score   support

  Individual       0.83      0.71      0.76      1746
       Group       0.65      0.79      0.71      1195

    accuracy                           0.74      2941
   macro avg       0.74      0.75      0.74      2941
weighted avg       0.76      0.74      0.74      2941

2025-10-07 20:28:44,237 - improved_mtl_logger - INFO - ---------------------

2025-10-07 20:28:44,238 - improved_mtl_logger - INFO - --- Epoch 3/3 ---
2025-10-07 20:34:08,350 - improved_mtl_logger - INFO - Epoch 3 | 平均加权训练损失: 0.2546
2025-10-07 20:34:45,431 - improved_mtl_logger - INFO - 
--- 评估结果 ---
2025-10-07 20:34:45,437 - improved_mtl_logger - INFO - 任务: label
              precision    recall  f1-score   support

      Non-CB       0.89      0.92      0.91      8748
          CB       0.75      0.67      0.70      2941

    accuracy                           0.86     11689
   macro avg       0.82      0.80      0.81     11689
weighted avg       0.86      0.86      0.86     11689

2025-10-07 20:34:45,442 - improved_mtl_logger - INFO - 任务: expression
              precision    recall  f1-score   support

    Explicit       0.93      0.82      0.87      2592
    Implicit       0.29      0.56      0.38       349

    accuracy                           0.79      2941
   macro avg       0.61      0.69      0.63      2941
weighted avg       0.86      0.79      0.81      2941

2025-10-07 20:34:45,446 - improved_mtl_logger - INFO - 任务: target
              precision    recall  f1-score   support

  Individual       0.78      0.80      0.79      1746
       Group       0.70      0.67      0.68      1195

    accuracy                           0.75      2941
   macro avg       0.74      0.74      0.74      2941
weighted avg       0.75      0.75      0.75      2941

2025-10-07 20:34:45,446 - improved_mtl_logger - INFO - ---------------------

